2025-10-23 09:24:32 [info] ✅ MongoDB connesso
2025-10-23 09:24:32 [info] Server avviato su http://localhost:3000 (env: development)
2025-10-23 09:25:17 [info] ✅ MongoDB connesso
2025-10-23 09:25:17 [info] 🚀 Server avviato su http://localhost:3000 (env: development)
2025-10-23 09:26:36 [info] ✅ MongoDB connesso
2025-10-23 09:26:36 [info] 🚀 Server avviato su http://localhost:3000 (env: development)
2025-10-23 09:27:59 [info] GET /api/health 200 - 6ms
2025-10-23 09:27:59 [info] GET /favicon.ico 404 - 10ms
2025-10-23 09:30:43 [info] GET /api/health 304 - 1ms
2025-10-23 09:30:43 [info] GET /favicon.ico 404 - 1ms
2025-10-23 09:30:44 [info] GET /api/health 304 - 2ms
2025-10-23 09:30:44 [info] GET /favicon.ico 404 - 1ms
2025-10-23 09:30:47 [info] GET /api/health 304 - 1ms
2025-10-23 09:30:47 [info] GET /favicon.ico 404 - 0ms
2025-10-23 09:30:49 [info] GET /api/health 304 - 1ms
2025-10-23 09:30:49 [info] GET /favicon.ico 404 - 3ms
2025-10-23 09:32:42 [error] Errore avvio server: connect ECONNREFUSED ::1:9999, connect ECONNREFUSED 127.0.0.1:9999
2025-10-23 09:33:25 [info] ✅ MongoDB connesso
2025-10-23 09:33:25 [info] 🚀 Server avviato su http://localhost:3000 (env: development)
2025-10-23 09:33:33 [info] GET /api/health 200 - 7ms
2025-10-23 09:33:33 [info] GET /favicon.ico 404 - 7ms
2025-10-23 09:34:56 [error] 400 - "name" is required - POST /api/auth/register
2025-10-23 09:34:56 [info] POST /api/auth/register 400 - 13ms
2025-10-23 09:35:16 [info] Nuovo utente registrato: francesca@gmail.com
2025-10-23 09:35:16 [info] POST /api/auth/register 201 - 348ms
2025-10-23 09:38:20 [error] 400 - "name" is not allowed to be empty - POST /api/auth/register
2025-10-23 09:38:20 [info] POST /api/auth/register 400 - 3ms
2025-10-23 09:38:42 [error] 400 - "email" is not allowed to be empty - POST /api/auth/register
2025-10-23 09:38:42 [info] POST /api/auth/register 400 - 3ms
2025-10-23 09:38:59 [error] 409 - Email già registrata - POST /api/auth/register
2025-10-23 09:38:59 [info] POST /api/auth/register 409 - 82ms
2025-10-23 09:40:09 [error] 400 - "email" is not allowed to be empty - POST /api/auth/login
2025-10-23 09:40:09 [info] POST /api/auth/login 400 - 5ms
2025-10-23 09:40:18 [error] 400 - "password" is not allowed to be empty - POST /api/auth/login
2025-10-23 09:40:18 [info] POST /api/auth/login 400 - 6ms
2025-10-23 09:40:25 [info] Utente loggato: francesca@gmail.com
2025-10-23 09:40:25 [info] POST /api/auth/login 200 - 184ms
2025-10-23 09:41:17 [info] GET /api/protected 404 - 1ms
2025-10-23 09:41:54 [info] GET /api/protected 404 - 0ms
2025-10-23 09:42:17 [info] GET /api/protected 404 - 0ms
2025-10-23 09:42:48 [info] GET /api/protected 404 - 0ms
2025-10-23 09:42:52 [info] GET /api/protected 404 - 2ms
2025-10-23 09:42:58 [info] GET /api/protected 404 - 1ms
2025-10-23 09:46:07 [info] ✅ MongoDB connesso
2025-10-23 09:46:07 [info] 🚀 Server avviato su http://localhost:3000 (env: development)
2025-10-23 09:46:17 [info] GET /api/protected 200 - 97ms
2025-10-23 09:48:37 [info] POST /api/protected 404 - 1ms
2025-10-23 09:49:00 [info] POST /api/protected 404 - 1ms
2025-10-23 09:49:05 [info] POST /api/protected 404 - 0ms
2025-10-23 09:49:28 [info] GET /api/protected 200 - 76ms
2025-10-23 09:49:37 [info] GET /api/protected 200 - 65ms
2025-10-23 09:49:41 [info] GET /api/protected 200 - 65ms
2025-10-23 09:49:50 [info] GET /api/health 200 - 1ms
2025-10-23 09:49:50 [info] GET /favicon.ico 404 - 2ms
2025-10-23 09:50:44 [error] 400 - "title" is not allowed to be empty - POST /api/tasks
2025-10-23 09:50:44 [info] POST /api/tasks 400 - 82ms
2025-10-23 09:50:52 [info] Task creato 68f9de5c1053239c12826e43 da 68f9dab4c67b01eaa6ad1fd7
2025-10-23 09:50:52 [info] POST /api/tasks 201 - 179ms
2025-10-23 09:51:00 [info] Task creato 68f9de631053239c12826e46 da 68f9dab4c67b01eaa6ad1fd7
2025-10-23 09:51:00 [info] POST /api/tasks 201 - 173ms
2025-10-23 09:51:53 [error] 401 - Token mancante o formato non valido - POST /api/tasks
2025-10-23 09:51:53 [info] POST /api/tasks 401 - 2ms
2025-10-23 09:52:08 [info] Task creato 68f9dea81053239c12826e49 da 68f9dab4c67b01eaa6ad1fd7
2025-10-23 09:52:08 [info] POST /api/tasks 201 - 173ms
2025-10-23 09:52:40 [info] GET /api/tasks 200 - 286ms
2025-10-23 09:52:46 [error] 401 - Token mancante o formato non valido - GET /api/tasks
2025-10-23 09:52:46 [info] GET /api/tasks 401 - 16ms
2025-10-23 09:52:52 [info] GET /api/tasks 200 - 171ms
2025-10-23 09:53:34 [error] 401 - Token mancante o formato non valido - PATCH /api/tasks/68f9de5c1053239c12826e43
2025-10-23 09:53:34 [info] PATCH /api/tasks/68f9de5c1053239c12826e43 401 - 1ms
2025-10-23 09:53:41 [info] Task aggiornato 68f9de5c1053239c12826e43 da 68f9dab4c67b01eaa6ad1fd7
2025-10-23 09:53:41 [info] PATCH /api/tasks/68f9de5c1053239c12826e43 200 - 222ms
2025-10-23 09:54:48 [error] 400 - "password" is required - POST /api/auth/register
2025-10-23 09:54:48 [info] POST /api/auth/register 400 - 6ms
2025-10-23 09:54:59 [info] Nuovo utente registrato: silvia@gmail.com
2025-10-23 09:54:59 [info] POST /api/auth/register 201 - 298ms
2025-10-23 09:55:48 [info] Utente loggato: silvia@gmail.com
2025-10-23 09:55:48 [info] POST /api/auth/login 200 - 194ms
2025-10-23 09:56:36 [info] GET /api/tasks 200 - 140ms
2025-10-23 09:58:44 [error] 401 - Token mancante o formato non valido - DELETE /api/tasks/68f9dea81053239c12826e49
2025-10-23 09:58:44 [info] DELETE /api/tasks/68f9dea81053239c12826e49 401 - 0ms
2025-10-23 09:58:53 [info] Task eliminato 68f9dea81053239c12826e49 da 68f9dab4c67b01eaa6ad1fd7
2025-10-23 09:58:53 [info] DELETE /api/tasks/68f9dea81053239c12826e49 200 - 254ms
2025-10-23 10:00:13 [error] 403 - Non sei autorizzato per questo task - DELETE /api/tasks/68f906341ec7d10fec1c17a8
2025-10-23 10:00:13 [info] DELETE /api/tasks/68f906341ec7d10fec1c17a8 403 - 143ms
2025-10-23 10:01:17 [error] 403 - Non sei autorizzato per questo task - PATCH /api/tasks/68f906341ec7d10fec1c17a8
2025-10-23 10:01:17 [info] PATCH /api/tasks/68f906341ec7d10fec1c17a8 403 - 134ms
2025-10-23 10:03:43 [info] Task aggiornato 68f9de631053239c12826e46 da 68f9dab4c67b01eaa6ad1fd7
2025-10-23 10:03:43 [info] PATCH /api/tasks/68f9de631053239c12826e46 200 - 218ms
2025-10-23 10:05:21 [error] 400 - "password" is required - POST /api/auth/login
2025-10-23 10:05:21 [info] POST /api/auth/login 400 - 5ms
2025-10-23 10:05:28 [info] Utente loggato: silvia@gmail.com
2025-10-23 10:05:28 [info] POST /api/auth/login 200 - 185ms
2025-10-23 10:06:04 [info] GET /api/tasks 200 - 162ms
2025-10-23 10:06:39 [error] 401 - Token mancante o formato non valido - DELETE /api/tasks/68f9de631053239c12826e46
2025-10-23 10:06:39 [info] DELETE /api/tasks/68f9de631053239c12826e46 401 - 1ms
2025-10-23 10:06:46 [info] Task eliminato 68f9de631053239c12826e46 da 68f9dab4c67b01eaa6ad1fd7
2025-10-23 10:06:46 [info] DELETE /api/tasks/68f9de631053239c12826e46 200 - 221ms
2025-10-23 10:09:52 [error] 401 - Token mancante o formato non valido - DELETE /api/tasks/68f7ea8bc3a22a655e705532
2025-10-23 10:09:52 [info] DELETE /api/tasks/68f7ea8bc3a22a655e705532 401 - 1ms
2025-10-23 10:09:59 [error] 500 - Cannot read properties of undefined (reading 'toString') - DELETE /api/tasks/68f7ea8bc3a22a655e705532
2025-10-23 10:09:59 [info] DELETE /api/tasks/68f7ea8bc3a22a655e705532 500 - 158ms
2025-10-23 10:10:06 [error] 500 - Cannot read properties of undefined (reading 'toString') - DELETE /api/tasks/68f7ea8bc3a22a655e705532
2025-10-23 10:10:06 [info] DELETE /api/tasks/68f7ea8bc3a22a655e705532 500 - 157ms
2025-10-23 10:10:09 [error] 500 - Cannot read properties of undefined (reading 'toString') - DELETE /api/tasks/68f7ea8bc3a22a655e705532
2025-10-23 10:10:09 [info] DELETE /api/tasks/68f7ea8bc3a22a655e705532 500 - 156ms
2025-10-23 10:10:15 [error] 500 - Cannot read properties of undefined (reading 'toString') - DELETE /api/tasks/68f7ea8bc3a22a655e705532
2025-10-23 10:10:15 [info] DELETE /api/tasks/68f7ea8bc3a22a655e705532 500 - 186ms
2025-10-23 10:10:48 [error] 401 - Token mancante o formato non valido - DELETE /api/tasks/68f8d2d094df4b20182c80c8
2025-10-23 10:10:48 [info] DELETE /api/tasks/68f8d2d094df4b20182c80c8 401 - 1ms
2025-10-23 10:10:51 [error] 403 - Non sei autorizzato per questo task - DELETE /api/tasks/68f8d2d094df4b20182c80c8
2025-10-23 10:10:51 [info] DELETE /api/tasks/68f8d2d094df4b20182c80c8 403 - 131ms
2025-10-23 10:10:57 [error] 403 - Non sei autorizzato per questo task - DELETE /api/tasks/68f8d2d094df4b20182c80c8
2025-10-23 10:10:57 [info] DELETE /api/tasks/68f8d2d094df4b20182c80c8 403 - 169ms
2025-10-23 10:11:00 [error] 403 - Non sei autorizzato per questo task - DELETE /api/tasks/68f8d2d094df4b20182c80c8
2025-10-23 10:11:00 [info] DELETE /api/tasks/68f8d2d094df4b20182c80c8 403 - 147ms
2025-10-23 10:12:17 [info] File 1761207136851-749920917.png caricato per task 68f9de5c1053239c12826e43 da 68f9dab4c67b01eaa6ad1fd7
2025-10-23 10:12:17 [info] POST /api/tasks/68f9de5c1053239c12826e43/upload 200 - 258ms
2025-10-23 10:12:31 [error] 401 - Token mancante o formato non valido - POST /api/tasks/68f9de5c1053239c12826e43/upload
2025-10-23 10:12:31 [info] POST /api/tasks/68f9de5c1053239c12826e43/upload 401 - 1ms
2025-10-23 10:12:37 [info] File 1761207157014-372884187.png caricato per task 68f9de5c1053239c12826e43 da 68f9dab4c67b01eaa6ad1fd7
2025-10-23 10:12:37 [info] POST /api/tasks/68f9de5c1053239c12826e43/upload 200 - 453ms
2025-10-23 10:12:42 [error] 403 - Non sei autorizzato per questo task - POST /api/tasks/68f9de5c1053239c12826e43/upload
2025-10-23 10:12:42 [info] POST /api/tasks/68f9de5c1053239c12826e43/upload 403 - 148ms
2025-10-23 10:21:21 [error] 401 - Token mancante o formato non valido - PATCH /api/tasks/68f9de5c1053239c12826e43
2025-10-23 10:21:21 [info] PATCH /api/tasks/68f9de5c1053239c12826e43 401 - 6ms
2025-10-23 10:21:28 [error] 403 - Non sei autorizzato per questo task - PATCH /api/tasks/68f9de5c1053239c12826e43
2025-10-23 10:21:28 [info] PATCH /api/tasks/68f9de5c1053239c12826e43 403 - 155ms
2025-10-23 10:34:15 [info] GET /api/health 200 - 2ms
2025-10-23 10:34:59 [info] ✅ MongoDB connesso
2025-10-23 10:34:59 [info] 🚀 Server avviato su http://localhost:3000 (env: development)
2025-10-23 10:35:15 [info] GET /api/health 200 - 4ms
2025-10-23 10:40:29 [error] Errore avvio server: connect ECONNREFUSED ::1:9999, connect ECONNREFUSED 127.0.0.1:9999
2025-10-23 10:42:12 [info] ✅ MongoDB connesso
2025-10-23 10:42:12 [info] 🚀 Server avviato su http://localhost:3000 (env: development)
2025-10-23 11:16:22 [info] ✅ MongoDB connesso
2025-10-23 11:16:22 [info] 🚀 Server avviato su http://localhost:3000 (env: development)
2025-10-23 11:22:22 [info] ✅ MongoDB connesso
2025-10-23 11:22:22 [info] 🚀 Server avviato su http://localhost:3000 (env: development)
2025-10-23 11:22:58 [info] ✅ MongoDB connesso
2025-10-23 11:22:58 [info] 🚀 Server avviato su http://localhost:3000 (env: development)
2025-10-23 11:23:24 [info] ✅ MongoDB connesso
2025-10-23 11:23:24 [info] 🚀 Server avviato su http://localhost:3000 (env: development)
2025-10-23 11:23:37 [info] ✅ MongoDB connesso
2025-10-23 11:23:37 [info] 🚀 Server avviato su http://localhost:3000 (env: development)
2025-10-23 11:24:14 [info] ✅ MongoDB connesso
2025-10-23 11:24:14 [info] 🚀 Server avviato su http://localhost:3000 (env: development)
2025-10-23 11:24:26 [info] ✅ MongoDB connesso
2025-10-23 11:24:26 [info] 🚀 Server avviato su http://localhost:3000 (env: development)
2025-10-23 11:24:47 [info] ✅ MongoDB connesso
2025-10-23 11:24:47 [info] 🚀 Server avviato su http://localhost:3000 (env: development)
[2025-10-23 11:30:14] [[32minfo[39m] [32m✅ MongoDB connesso[39m
[2025-10-23 11:30:14] [[32minfo[39m] [32m🚀 Server avviato su http://localhost:3000 (env: development)[39m
[2025-10-23 11:31:04] [[32minfo[39m] [32m✅ MongoDB connesso[39m
[2025-10-23 11:31:04] [[32minfo[39m] [32m🚀 Server avviato su http://localhost:3000 (env: development)[39m
[2025-10-23 11:31:28] [[32minfo[39m] [32m✅ MongoDB connesso[39m
[2025-10-23 11:31:28] [[32minfo[39m] [32m🚀 Server avviato su http://localhost:3000 (env: development)[39m
[2025-10-23 11:33:28] [[32minfo[39m] [32m✅ MongoDB connesso[39m
[2025-10-23 11:33:28] [[32minfo[39m] [32m🚀 Server avviato su http://localhost:3000 (env: development)[39m
[2025-10-23 11:33:54] [[32minfo[39m] [32m✅ MongoDB connesso[39m
[2025-10-23 11:33:54] [[32minfo[39m] [32m🚀 Server avviato su http://localhost:3000 (env: development)[39m
[2025-10-23 11:35:39] [[32minfo[39m] [32m✅ MongoDB connesso[39m
[2025-10-23 11:35:39] [[32minfo[39m] [32m🚀 Server avviato su http://localhost:3000 (env: development)[39m
[2025-10-23 11:40:41] [[32minfo[39m] [32m✅ MongoDB connesso[39m
[2025-10-23 11:40:41] [[32minfo[39m] [32m🚀 Server avviato su http://localhost:3000 (env: development)[39m
[2025-10-23 11:42:45] [[32minfo[39m] [32m✅ MongoDB connesso[39m
[2025-10-23 11:42:45] [[32minfo[39m] [32m🚀 Server avviato su http://localhost:3000 (env: development)[39m
[2025-10-23 11:49:41] [[32minfo[39m] [32m✅ MongoDB connesso[39m
[2025-10-23 11:49:41] [[32minfo[39m] [32m🚀 Server avviato su http://localhost:3000 (env: development)[39m
[2025-10-23 11:50:58] [[32minfo[39m] [32mGET /api/health 200 - 5ms[39m
[2025-10-23 11:51:38] [[32minfo[39m] [32m✅ MongoDB connesso[39m
[2025-10-23 11:51:38] [[32minfo[39m] [32m🚀 Server avviato su http://localhost:3000 (env: development)[39m
[2025-10-23 11:51:44] [[32minfo[39m] [32mGET /api/health 200 - 4ms[39m
[2025-10-23 11:53:58] [[31merror[39m] [31mErrore connessione MongoDB: connect ECONNREFUSED ::1:9999, connect ECONNREFUSED 127.0.0.1:9999[39m
[2025-10-23 11:56:46] [[32minfo[39m] [32m✅ MongoDB connesso[39m
[2025-10-23 11:56:46] [[32minfo[39m] [32m🚀 Server avviato su http://localhost:3000 (env: development)[39m
[2025-10-23 11:58:41] [[32minfo[39m] [32mNuovo utente registrato: claudio@gmail.com[39m
[2025-10-23 11:58:41] [[32minfo[39m] [32mPOST /api/auth/register 201 - 296ms[39m
[2025-10-23 11:59:58] [[32minfo[39m] [32mGET /api/health 304 - 2ms[39m
[2025-10-23 11:59:58] [[32minfo[39m] [32mGET /favicon.ico 404 - 10ms[39m
[2025-10-23 12:00:41] [[32minfo[39m] [32mPOST /api/auth/login 400 - 2ms[39m
[2025-10-23 12:00:54] [[32minfo[39m] [32mPOST /api/auth/login 400 - 3ms[39m
[2025-10-23 12:01:06] [[31merror[39m] [31m401 - Email o password non corretti - POST /api/auth/login[39m
[2025-10-23 12:01:06] [[32minfo[39m] [32mPOST /api/auth/login 401 - 172ms[39m
[2025-10-23 12:01:26] [[31merror[39m] [31m401 - Email o password non corretti - POST /api/auth/login[39m
[2025-10-23 12:01:26] [[32minfo[39m] [32mPOST /api/auth/login 401 - 303ms[39m
[2025-10-23 12:01:50] [[32minfo[39m] [32mUtente loggato: claudio@gmail.com[39m
[2025-10-23 12:01:50] [[32minfo[39m] [32mPOST /api/auth/login 200 - 194ms[39m
[2025-10-23 12:05:31] [[31merror[39m] [31m401 - Token mancante o formato non valido - GET /api/protected[39m
[2025-10-23 12:05:31] [[32minfo[39m] [32mGET /api/protected 401 - 1ms[39m
[2025-10-23 12:05:40] [[32minfo[39m] [32mGET /api/protected 200 - 85ms[39m
[2025-10-23 12:14:41] [[32minfo[39m] [32m✅ MongoDB connesso[39m
[2025-10-23 12:14:41] [[32minfo[39m] [32m🚀 Server avviato su http://localhost:3000 (env: development)[39m
[2025-10-23 12:17:47] [[32minfo[39m] [32m✅ MongoDB connesso[39m
[2025-10-23 12:17:47] [[32minfo[39m] [32m🚀 Server avviato su http://localhost:3000 (env: development)[39m
[2025-10-23 12:19:21] [[32minfo[39m] [32mPOST /api/tasks 400 - 104ms[39m
[2025-10-23 12:19:31] [[32minfo[39m] [32mPOST /api/tasks 400 - 84ms[39m
[2025-10-23 12:19:47] [[31merror[39m] [31m401 - Token mancante o formato non valido - POST /api/tasks[39m
[2025-10-23 12:19:47] [[32minfo[39m] [32mPOST /api/tasks 401 - 1ms[39m
[2025-10-23 12:19:55] [[32minfo[39m] [32mTask creato 68fa014bdcacfba920e3b53a da 68f9fc5153ab70799ba3cc84[39m
[2025-10-23 12:19:55] [[32minfo[39m] [32mPOST /api/tasks 201 - 188ms[39m
[2025-10-23 12:20:53] [[32minfo[39m] [32mGET /api/tasks 200 - 139ms[39m
[2025-10-23 12:21:05] [[31merror[39m] [31m401 - Token mancante o formato non valido - GET /api/tasks[39m
[2025-10-23 12:21:05] [[32minfo[39m] [32mGET /api/tasks 401 - 2ms[39m
[2025-10-23 12:21:10] [[32minfo[39m] [32mGET /api/tasks 200 - 144ms[39m
[2025-10-23 12:23:13] [[31merror[39m] [31m401 - Token mancante o formato non valido - PATCH /api/tasks/68fa014bdcacfba920e3b53a[39m
[2025-10-23 12:23:13] [[32minfo[39m] [32mPATCH /api/tasks/68fa014bdcacfba920e3b53a 401 - 2ms[39m
[2025-10-23 12:23:22] [[32minfo[39m] [32mTask aggiornato 68fa014bdcacfba920e3b53a da 68f9fc5153ab70799ba3cc84[39m
[2025-10-23 12:23:22] [[32minfo[39m] [32mPATCH /api/tasks/68fa014bdcacfba920e3b53a 200 - 240ms[39m
[2025-10-23 12:24:44] [[31merror[39m] [31m401 - Token mancante o formato non valido - DELETE /api/tasks/68f9de5c1053239c12826e43[39m
[2025-10-23 12:24:44] [[32minfo[39m] [32mDELETE /api/tasks/68f9de5c1053239c12826e43 401 - 6ms[39m
[2025-10-23 12:24:48] [[31merror[39m] [31m404 - Task non trovato o non autorizzato - DELETE /api/tasks/68f9de5c1053239c12826e43[39m
[2025-10-23 12:24:48] [[32minfo[39m] [32mDELETE /api/tasks/68f9de5c1053239c12826e43 404 - 196ms[39m
[2025-10-23 12:25:35] [[31merror[39m] [31m404 - Task non trovato o non autorizzato - DELETE /api/tasks/68f944f1301993dbbb8f5bab[39m
[2025-10-23 12:25:35] [[32minfo[39m] [32mDELETE /api/tasks/68f944f1301993dbbb8f5bab 404 - 143ms[39m
[2025-10-23 12:25:48] [[31merror[39m] [31m404 - Task non trovato - PATCH /api/tasks/68f944f1301993dbbb8f5bab[39m
[2025-10-23 12:25:48] [[32minfo[39m] [32mPATCH /api/tasks/68f944f1301993dbbb8f5bab 404 - 139ms[39m
[2025-10-23 12:25:58] [[31merror[39m] [31m404 - Task non trovato o non autorizzato - DELETE /api/tasks/68f944f1301993dbbb8f5bab[39m
[2025-10-23 12:25:58] [[32minfo[39m] [32mDELETE /api/tasks/68f944f1301993dbbb8f5bab 404 - 159ms[39m
[2025-10-23 12:26:46] [[31merror[39m] [31m401 - Token mancante o formato non valido - DELETE /api/tasks/68fa014bdcacfba920e3b53a[39m
[2025-10-23 12:26:46] [[32minfo[39m] [32mDELETE /api/tasks/68fa014bdcacfba920e3b53a 401 - 1ms[39m
[2025-10-23 12:26:51] [[32minfo[39m] [32mTask eliminato 68fa014bdcacfba920e3b53a da 68f9fc5153ab70799ba3cc84[39m
[2025-10-23 12:26:51] [[32minfo[39m] [32mDELETE /api/tasks/68fa014bdcacfba920e3b53a 200 - 149ms[39m
[2025-10-23 12:28:57] [[32minfo[39m] [32mGET /api/tasks 200 - 142ms[39m
[2025-10-23 12:29:10] [[32minfo[39m] [32mTask creato 68fa0376dcacfba920e3b550 da 68f9fc5153ab70799ba3cc84[39m
[2025-10-23 12:29:10] [[32minfo[39m] [32mPOST /api/tasks 201 - 164ms[39m
[2025-10-23 12:29:43] [[31merror[39m] [31m401 - Token mancante o formato non valido - POST /api/tasks/68fa0376dcacfba920e3b550/upload[39m
[2025-10-23 12:29:43] [[32minfo[39m] [32mPOST /api/tasks/68fa0376dcacfba920e3b550/upload 401 - 1ms[39m
[2025-10-23 12:29:48] [[32minfo[39m] [32mFile 1761215388520-188180709.png caricato per task 68fa0376dcacfba920e3b550[39m
[2025-10-23 12:29:48] [[32minfo[39m] [32mPOST /api/tasks/68fa0376dcacfba920e3b550/upload 200 - 204ms[39m
[2025-10-23 12:38:22] [[32minfo[39m] [32mUtente loggato: silvia@gmail.com[39m
[2025-10-23 12:38:22] [[32minfo[39m] [32mPOST /api/auth/login 200 - 200ms[39m
[2025-10-23 12:40:46] [[32minfo[39m] [32mPATCH /api/tasks/68fa0376dcacfba920e3b550 400 - 267ms[39m
[2025-10-23 12:42:05] [[31merror[39m] [31m401 - Token mancante o formato non valido - PATCH /api/tasks/68fa0376dcacfba920e3b550[39m
[2025-10-23 12:42:05] [[32minfo[39m] [32mPATCH /api/tasks/68fa0376dcacfba920e3b550 401 - 1ms[39m
[2025-10-23 12:42:12] [[31merror[39m] [31m404 - Task non trovato - PATCH /api/tasks/68fa0376dcacfba920e3b550[39m
[2025-10-23 12:42:12] [[32minfo[39m] [32mPATCH /api/tasks/68fa0376dcacfba920e3b550 404 - 155ms[39m
[2025-10-23 12:42:31] [[32minfo[39m] [32mTask aggiornato 68fa0376dcacfba920e3b550 da 68f9fc5153ab70799ba3cc84[39m
[2025-10-23 12:42:31] [[32minfo[39m] [32mPATCH /api/tasks/68fa0376dcacfba920e3b550 200 - 239ms[39m
[2025-10-23 12:42:57] [[31merror[39m] [31m404 - Task non trovato - PATCH /api/tasks/68fa0376dcacfba920e3b550[39m
[2025-10-23 12:42:57] [[32minfo[39m] [32mPATCH /api/tasks/68fa0376dcacfba920e3b550 404 - 244ms[39m
[2025-10-23 12:43:37] [[31merror[39m] [31m404 - Task non trovato o non autorizzato - DELETE /api/tasks/68fa0376dcacfba920e3b550[39m
[2025-10-23 12:43:37] [[32minfo[39m] [32mDELETE /api/tasks/68fa0376dcacfba920e3b550 404 - 160ms[39m
[2025-10-23 12:44:03] [[31merror[39m] [31m404 - Task non trovato o non autorizzato - DELETE /api/tasks/68fa0376dcacfba920e3b550[39m
[2025-10-23 12:44:03] [[32minfo[39m] [32mDELETE /api/tasks/68fa0376dcacfba920e3b550 404 - 158ms[39m
[2025-10-23 12:45:26] [[31merror[39m] [31m404 - Task non trovato o non autorizzato - DELETE /api/tasks/68f9de5c1053239c12826e43[39m
[2025-10-23 12:45:26] [[32minfo[39m] [32mDELETE /api/tasks/68f9de5c1053239c12826e43 404 - 151ms[39m
[2025-10-23 12:45:30] [[31merror[39m] [31m401 - Token mancante o formato non valido - DELETE /api/tasks/68f9de5c1053239c12826e43[39m
[2025-10-23 12:45:30] [[32minfo[39m] [32mDELETE /api/tasks/68f9de5c1053239c12826e43 401 - 2ms[39m
[2025-10-23 12:45:37] [[31merror[39m] [31m404 - Task non trovato o non autorizzato - DELETE /api/tasks/68f9de5c1053239c12826e43[39m
[2025-10-23 12:45:37] [[32minfo[39m] [32mDELETE /api/tasks/68f9de5c1053239c12826e43 404 - 156ms[39m
[2025-10-23 12:45:42] [[31merror[39m] [31m404 - Task non trovato o non autorizzato - DELETE /api/tasks/68f9de5c1053239c12826e43[39m
[2025-10-23 12:45:42] [[32minfo[39m] [32mDELETE /api/tasks/68f9de5c1053239c12826e43 404 - 184ms[39m
[2025-10-23 12:46:00] [[31merror[39m] [31m404 - Task non trovato o non autorizzato - DELETE /api/tasks/68f944f1301993dbbb8f5bab[39m
[2025-10-23 12:46:00] [[32minfo[39m] [32mDELETE /api/tasks/68f944f1301993dbbb8f5bab 404 - 137ms[39m
[2025-10-23 12:49:37] [[32minfo[39m] [32m✅ MongoDB connesso[39m
[2025-10-23 12:49:37] [[32minfo[39m] [32m🚀 Server avviato su http://localhost:3000 (env: development)[39m
[2025-10-23 12:54:24] [[31merror[39m] [31m401 - Token mancante o formato non valido - DELETE /api/tasks/68f944f1301993dbbb8f5bab[39m
[2025-10-23 12:54:24] [[32minfo[39m] [32mDELETE /api/tasks/68f944f1301993dbbb8f5bab 401 - 6ms[39m
[2025-10-23 12:54:31] [[31merror[39m] [31m403 - Non sei autorizzato a eliminare questo task - DELETE /api/tasks/68f944f1301993dbbb8f5bab[39m
[2025-10-23 12:54:31] [[32minfo[39m] [32mDELETE /api/tasks/68f944f1301993dbbb8f5bab 403 - 161ms[39m
[2025-10-23 13:18:24] [[32minfo[39m] [32mGET /api/health 200 - 2ms[39m
[2025-10-23 13:19:57] [[32minfo[39m] [32mPOST /api/auth/login 400 - 13ms[39m
[2025-10-23 13:20:18] [[31merror[39m] [31m401 - Email o password non corretti - POST /api/auth/login[39m
[2025-10-23 13:20:18] [[32minfo[39m] [32mPOST /api/auth/login 401 - 264ms[39m
[2025-10-23 13:20:31] [[32minfo[39m] [32mPOST /api/auth/login 400 - 2ms[39m
[2025-10-23 13:20:42] [[32minfo[39m] [32mPOST /api/auth/login 400 - 1ms[39m
[2025-10-23 13:20:51] [[31merror[39m] [31m401 - Email o password non corretti - POST /api/auth/login[39m
[2025-10-23 13:20:51] [[32minfo[39m] [32mPOST /api/auth/login 401 - 73ms[39m
[2025-10-23 13:21:04] [[32minfo[39m] [32mNuovo utente registrato: luciano@gmail.com[39m
[2025-10-23 13:21:04] [[32minfo[39m] [32mPOST /api/auth/register 201 - 421ms[39m
[2025-10-23 13:21:49] [[32minfo[39m] [32mPOST /api/auth/login 400 - 1ms[39m
[2025-10-23 13:22:05] [[32minfo[39m] [32mPOST /api/auth/login 400 - 1ms[39m
[2025-10-23 13:22:13] [[31merror[39m] [31m401 - Email o password non corretti - POST /api/auth/login[39m
[2025-10-23 13:22:13] [[32minfo[39m] [32mPOST /api/auth/login 401 - 217ms[39m
[2025-10-23 13:22:22] [[32minfo[39m] [32mUtente loggato: luciano@gmail.com[39m
[2025-10-23 13:22:22] [[32minfo[39m] [32mPOST /api/auth/login 200 - 294ms[39m
[2025-10-23 13:23:08] [[32minfo[39m] [32mGET /api/protected 200 - 78ms[39m
[2025-10-23 13:23:45] [[32minfo[39m] [32mGET /api/protected 200 - 94ms[39m
[2025-10-23 13:23:48] [[31merror[39m] [31m401 - Token mancante o formato non valido - GET /api/protected[39m
[2025-10-23 13:23:48] [[32minfo[39m] [32mGET /api/protected 401 - 1ms[39m
[2025-10-23 13:23:55] [[32minfo[39m] [32mGET /api/protected 200 - 96ms[39m
[2025-10-23 13:24:03] [[32minfo[39m] [32mGET /api/protected 200 - 116ms[39m
[2025-10-23 13:24:27] [[32minfo[39m] [32mGET /api/tasks 200 - 221ms[39m
[2025-10-23 13:24:43] [[31merror[39m] [31m401 - Token mancante o formato non valido - GET /api/tasks[39m
[2025-10-23 13:24:43] [[32minfo[39m] [32mGET /api/tasks 401 - 0ms[39m
[2025-10-23 13:24:49] [[32minfo[39m] [32mGET /api/tasks 200 - 169ms[39m
[2025-10-23 13:24:54] [[32minfo[39m] [32mGET /api/tasks 200 - 191ms[39m
[2025-10-23 13:24:57] [[32minfo[39m] [32mGET /api/tasks 200 - 207ms[39m
[2025-10-23 13:25:35] [[31merror[39m] [31m401 - Token mancante o formato non valido - DELETE /api/tasks/68fa0376dcacfba920e3b550[39m
[2025-10-23 13:25:35] [[32minfo[39m] [32mDELETE /api/tasks/68fa0376dcacfba920e3b550 401 - 1ms[39m
[2025-10-23 13:25:39] [[31merror[39m] [31m403 - Non sei autorizzato a eliminare questo task - DELETE /api/tasks/68fa0376dcacfba920e3b550[39m
[2025-10-23 13:25:39] [[32minfo[39m] [32mDELETE /api/tasks/68fa0376dcacfba920e3b550 403 - 161ms[39m
[2025-10-23 13:25:45] [[31merror[39m] [31m403 - Non sei autorizzato a eliminare questo task - DELETE /api/tasks/68fa0376dcacfba920e3b550[39m
[2025-10-23 13:25:45] [[32minfo[39m] [32mDELETE /api/tasks/68fa0376dcacfba920e3b550 403 - 376ms[39m
[2025-10-23 13:25:50] [[32minfo[39m] [32mTask eliminato 68fa0376dcacfba920e3b550 da utente 68f9fc5153ab70799ba3cc84[39m
[2025-10-23 13:25:50] [[32minfo[39m] [32mTask eliminato 68fa0376dcacfba920e3b550 da 68f9fc5153ab70799ba3cc84[39m
[2025-10-23 13:25:50] [[32minfo[39m] [32mDELETE /api/tasks/68fa0376dcacfba920e3b550 200 - 281ms[39m
[2025-10-23 13:29:19] [[32minfo[39m] [32mTask creato 68fa118f97e8c69f98ecf2c1 da utente 68fa0fa097e8c69f98ecf2a9[39m
[2025-10-23 13:29:19] [[32minfo[39m] [32mTask creato 68fa118f97e8c69f98ecf2c1 da 68fa0fa097e8c69f98ecf2a9[39m
[2025-10-23 13:29:19] [[32minfo[39m] [32mPOST /api/tasks/ 201 - 299ms[39m
[2025-10-23 13:29:30] [[32minfo[39m] [32mTask creato 68fa119997e8c69f98ecf2c4 da utente 68fa0fa097e8c69f98ecf2a9[39m
[2025-10-23 13:29:30] [[32minfo[39m] [32mTask creato 68fa119997e8c69f98ecf2c4 da 68fa0fa097e8c69f98ecf2a9[39m
[2025-10-23 13:29:30] [[32minfo[39m] [32mPOST /api/tasks/ 201 - 373ms[39m
[2025-10-23 13:29:37] [[32minfo[39m] [32mPOST /api/tasks/ 400 - 94ms[39m
[2025-10-23 13:29:44] [[32minfo[39m] [32mTask creato 68fa11a897e8c69f98ecf2c8 da utente 68fa0fa097e8c69f98ecf2a9[39m
[2025-10-23 13:29:44] [[32minfo[39m] [32mTask creato 68fa11a897e8c69f98ecf2c8 da 68fa0fa097e8c69f98ecf2a9[39m
[2025-10-23 13:29:44] [[32minfo[39m] [32mPOST /api/tasks/ 201 - 205ms[39m
[2025-10-23 13:29:46] [[32minfo[39m] [32mTask creato 68fa11aa97e8c69f98ecf2cb da utente 68fa0fa097e8c69f98ecf2a9[39m
[2025-10-23 13:29:46] [[32minfo[39m] [32mTask creato 68fa11aa97e8c69f98ecf2cb da 68fa0fa097e8c69f98ecf2a9[39m
[2025-10-23 13:29:46] [[32minfo[39m] [32mPOST /api/tasks/ 201 - 216ms[39m
[2025-10-23 13:29:49] [[32minfo[39m] [32mTask creato 68fa11ad97e8c69f98ecf2ce da utente 68fa0fa097e8c69f98ecf2a9[39m
[2025-10-23 13:29:49] [[32minfo[39m] [32mTask creato 68fa11ad97e8c69f98ecf2ce da 68fa0fa097e8c69f98ecf2a9[39m
[2025-10-23 13:29:49] [[32minfo[39m] [32mPOST /api/tasks/ 201 - 194ms[39m
[2025-10-23 13:30:08] [[32minfo[39m] [32mGET /api/tasks/ 200 - 169ms[39m
[2025-10-23 13:30:19] [[32minfo[39m] [32mGET /api/tasks/ 200 - 199ms[39m
[2025-10-23 13:30:23] [[32minfo[39m] [32mGET /api/tasks/ 200 - 208ms[39m
[2025-10-23 13:30:45] [[32minfo[39m] [32mTask creato 68fa11e597e8c69f98ecf2d7 da utente 68f9fc5153ab70799ba3cc84[39m
[2025-10-23 13:30:45] [[32minfo[39m] [32mTask creato 68fa11e597e8c69f98ecf2d7 da 68f9fc5153ab70799ba3cc84[39m
[2025-10-23 13:30:45] [[32minfo[39m] [32mPOST /api/tasks/ 201 - 191ms[39m
[2025-10-23 13:30:51] [[32minfo[39m] [32mGET /api/tasks/ 200 - 257ms[39m
[2025-10-23 13:30:57] [[32minfo[39m] [32mGET /api/tasks/ 200 - 206ms[39m
[2025-10-23 13:31:02] [[32minfo[39m] [32mGET /api/tasks/ 200 - 176ms[39m
[2025-10-23 13:31:32] [[31merror[39m] [31m403 - Non sei autorizzato a eliminare questo task - DELETE /api/tasks/68fa118f97e8c69f98ecf2c1[39m
[2025-10-23 13:31:32] [[32minfo[39m] [32mDELETE /api/tasks/68fa118f97e8c69f98ecf2c1 403 - 173ms[39m
[2025-10-23 13:31:53] [[31merror[39m] [31m403 - Non sei autorizzato ad aggiornare questo task - POST /api/tasks/68fa118f97e8c69f98ecf2c1/upload[39m
[2025-10-23 13:31:53] [[32minfo[39m] [32mPOST /api/tasks/68fa118f97e8c69f98ecf2c1/upload 403 - 255ms[39m
[2025-10-23 13:32:00] [[32minfo[39m] [32mTask aggiornato 68fa118f97e8c69f98ecf2c1 da utente 68fa0fa097e8c69f98ecf2a9[39m
[2025-10-23 13:32:00] [[32minfo[39m] [32mFile 1761219120768-650101641.png caricato per task 68fa118f97e8c69f98ecf2c1[39m
[2025-10-23 13:32:00] [[32minfo[39m] [32mPOST /api/tasks/68fa118f97e8c69f98ecf2c1/upload 200 - 266ms[39m
[2025-10-23 13:34:42] [[32minfo[39m] [32m✅ MongoDB connesso[39m
[2025-10-23 13:34:42] [[32minfo[39m] [32m🚀 Server avviato su http://localhost:3000 (env: development)[39m
[2025-10-23 13:37:02] [[32minfo[39m] [32mUtente loggato: luciano@gmail.com[39m
[2025-10-23 13:37:02] [[32minfo[39m] [32mPOST /api/auth/login 200 - 219ms[39m
[2025-10-23 13:37:37] [[32minfo[39m] [32mPOST /api/auth/login 400 - 3ms[39m
[2025-10-23 13:37:50] [[32minfo[39m] [32mPOST /api/auth/login 400 - 3ms[39m
[2025-10-23 13:37:58] [[32minfo[39m] [32mUtente loggato: luciano@gmail.com[39m
[2025-10-23 13:37:58] [[32minfo[39m] [32mPOST /api/auth/login 200 - 547ms[39m
[2025-10-23 13:38:53] [[32minfo[39m] [32m✅ MongoDB connesso[39m
[2025-10-23 13:38:53] [[32minfo[39m] [32m🚀 Server avviato su http://localhost:3000 (env: development)[39m
[2025-10-23 13:39:17] [[32minfo[39m] [32mPOST /api/auth/login 400 - 9ms[39m
[2025-10-23 13:44:27] [[32minfo[39m] [32m✅ MongoDB connesso[39m
[2025-10-23 13:44:27] [[32minfo[39m] [32m🚀 Server avviato su http://localhost:3000 (env: development)[39m
[2025-10-23 13:44:34] [[31merror[39m] [31m400 - "password" is not allowed to be empty - POST /api/auth/login[39m
[2025-10-23 13:44:34] [[32minfo[39m] [32mPOST /api/auth/login 400 - 13ms[39m
[2025-10-23 13:45:08] [[31merror[39m] [31m400 - Expected ',' or '}' after property value in JSON at position 31 (line 6 column 1) - POST /api/auth/login[39m
[2025-10-23 13:46:37] [[31merror[39m] [31m400 - Expected ',' or '}' after property value in JSON at position 53 (line 6 column 1) - POST /api/auth/login[39m
[2025-10-23 13:46:50] [[31merror[39m] [31m400 - "password" length must be at least 6 characters long - POST /api/auth/login[39m
[2025-10-23 13:46:50] [[32minfo[39m] [32mPOST /api/auth/login 400 - 2ms[39m
[2025-10-23 13:47:08] [[31merror[39m] [31m401 - Email o password non corretti - POST /api/auth/login[39m
[2025-10-23 13:47:08] [[32minfo[39m] [32mPOST /api/auth/login 401 - 229ms[39m
[2025-10-23 13:48:09] [[31merror[39m] [31m400 - Expected double-quoted property name in JSON at position 25 (line 5 column 1) - POST /api/tasks[39m
[2025-10-23 13:48:23] [[31merror[39m] [31m401 - Token mancante o formato non valido - POST /api/tasks[39m
[2025-10-23 13:48:23] [[32minfo[39m] [32mPOST /api/tasks 401 - 1ms[39m
[2025-10-23 13:48:43] [[31merror[39m] [31m401 - Token mancante o formato non valido - POST /api/tasks[39m
[2025-10-23 13:48:43] [[32minfo[39m] [32mPOST /api/tasks 401 - 1ms[39m
[2025-10-23 13:48:52] [[32minfo[39m] [32mTask creato 68fa1624f385883eb3ae78dd da utente 68fa0fa097e8c69f98ecf2a9[39m
[2025-10-23 13:48:52] [[32minfo[39m] [32mTask creato 68fa1624f385883eb3ae78dd da 68fa0fa097e8c69f98ecf2a9[39m
[2025-10-23 13:48:52] [[32minfo[39m] [32mPOST /api/tasks 201 - 243ms[39m
[2025-10-23 13:48:59] [[32minfo[39m] [32mGET /api/tasks 200 - 189ms[39m
[2025-10-23 13:49:33] [[31merror[39m] [31m403 - Non sei autorizzato a eliminare questo task - DELETE /api/tasks/68fa1624f385883eb3ae78dd[39m
[2025-10-23 13:49:33] [[32minfo[39m] [32mDELETE /api/tasks/68fa1624f385883eb3ae78dd 403 - 304ms[39m
[2025-10-23 13:49:44] [[32minfo[39m] [32mTask eliminato 68fa1624f385883eb3ae78dd da utente 68fa0fa097e8c69f98ecf2a9[39m
[2025-10-23 13:49:44] [[32minfo[39m] [32mTask eliminato 68fa1624f385883eb3ae78dd da 68fa0fa097e8c69f98ecf2a9[39m
[2025-10-23 13:49:44] [[32minfo[39m] [32mDELETE /api/tasks/68fa1624f385883eb3ae78dd 200 - 315ms[39m
[2025-10-23 13:50:38] [[31merror[39m] [31m401 - Token mancante o formato non valido - PATCH /api/tasks/68fa1624f385883eb3ae78dd/upload[39m
[2025-10-23 13:50:38] [[32minfo[39m] [32mPATCH /api/tasks/68fa1624f385883eb3ae78dd/upload 401 - 1ms[39m
[2025-10-23 13:50:49] [[32minfo[39m] [32mPATCH /api/tasks/68fa1624f385883eb3ae78dd/upload 404 - 90ms[39m
[2025-10-23 13:50:58] [[32minfo[39m] [32mPATCH /api/tasks/68fa1624f385883eb3ae78dd/upload 404 - 302ms[39m
[2025-10-23 13:51:06] [[32minfo[39m] [32mPATCH /api/tasks/68fa1624f385883eb3ae78dd/upload 404 - 100ms[39m
[2025-10-23 13:52:42] [[31merror[39m] [31m400 - Nessun file caricato - POST /api/tasks/68fa11e597e8c69f98ecf2d7/upload[39m
[2025-10-23 13:52:42] [[32minfo[39m] [32mPOST /api/tasks/68fa11e597e8c69f98ecf2d7/upload 400 - 356ms[39m
[2025-10-23 13:52:51] [[31merror[39m] [31m400 - Nessun file caricato - POST /api/tasks/68fa11e597e8c69f98ecf2d7/upload[39m
[2025-10-23 13:52:51] [[32minfo[39m] [32mPOST /api/tasks/68fa11e597e8c69f98ecf2d7/upload 400 - 95ms[39m
[2025-10-23 13:52:57] [[31merror[39m] [31m400 - Nessun file caricato - POST /api/tasks/68fa11e597e8c69f98ecf2d7/upload[39m
[2025-10-23 13:52:57] [[32minfo[39m] [32mPOST /api/tasks/68fa11e597e8c69f98ecf2d7/upload 400 - 94ms[39m
[2025-10-23 13:53:26] [[32minfo[39m] [32mGET /api/tasks 200 - 236ms[39m
[2025-10-23 13:53:48] [[31merror[39m] [31m400 - Nessun file caricato - POST /api/tasks/68fa11ad97e8c69f98ecf2ce/upload[39m
[2025-10-23 13:53:48] [[32minfo[39m] [32mPOST /api/tasks/68fa11ad97e8c69f98ecf2ce/upload 400 - 375ms[39m
[2025-10-23 13:54:08] [[31merror[39m] [31m400 - Nessun file caricato - POST /api/tasks/68fa11ad97e8c69f98ecf2ce/upload[39m
[2025-10-23 13:54:08] [[32minfo[39m] [32mPOST /api/tasks/68fa11ad97e8c69f98ecf2ce/upload 400 - 97ms[39m
[2025-10-23 13:55:17] [[32minfo[39m] [32mGET /api/tasks/ 200 - 155ms[39m
[2025-10-23 13:55:42] [[31merror[39m] [31m400 - Nessun file caricato - POST /api/tasks/68fa11ad97e8c69f98ecf2ce/UPLOAD[39m
[2025-10-23 13:55:42] [[32minfo[39m] [32mPOST /api/tasks/68fa11ad97e8c69f98ecf2ce/UPLOAD 400 - 92ms[39m
[2025-10-23 13:56:12] [[31merror[39m] [31m403 - Non sei autorizzato a eliminare questo task - DELETE /api/tasks/68fa11ad97e8c69f98ecf2ce[39m
[2025-10-23 13:56:12] [[32minfo[39m] [32mDELETE /api/tasks/68fa11ad97e8c69f98ecf2ce 403 - 168ms[39m
[2025-10-23 13:56:54] [[31merror[39m] [31m403 - Non sei autorizzato ad aggiornare questo task - PATCH /api/tasks/68fa11ad97e8c69f98ecf2ce[39m
[2025-10-23 13:56:54] [[32minfo[39m] [32mPATCH /api/tasks/68fa11ad97e8c69f98ecf2ce 403 - 198ms[39m
[2025-10-23 13:59:06] [[31merror[39m] [31m403 - Non sei autorizzato a eliminare questo task - DELETE /api/tasks/68fa11ad97e8c69f98ecf2ce[39m
[2025-10-23 13:59:06] [[32minfo[39m] [32mDELETE /api/tasks/68fa11ad97e8c69f98ecf2ce 403 - 235ms[39m
[2025-10-23 13:59:15] [[32minfo[39m] [32mPATCH /api/tasks/68fa11ad97e8c69f98ecf2ce/upload 404 - 88ms[39m
[2025-10-23 14:02:42] [[32minfo[39m] [32m✅ MongoDB connesso[39m
[2025-10-23 14:02:42] [[32minfo[39m] [32m🚀 Server avviato su http://localhost:3000 (env: development)[39m
[2025-10-23 14:07:48] [[32minfo[39m] [32m✅ MongoDB connesso[39m
[2025-10-23 14:07:48] [[32minfo[39m] [32m🚀 Server avviato su http://localhost:3000 (env: development)[39m
[2025-10-23 14:08:53] [[32minfo[39m] [32mPATCH /api/tasks/68fa11ad97e8c69f98ecf2ce/upload 404 - 115ms[39m
[2025-10-23 14:09:19] [[32minfo[39m] [32m✅ MongoDB connesso[39m
[2025-10-23 14:09:19] [[32minfo[39m] [32m🚀 Server avviato su http://localhost:3000 (env: development)[39m
[2025-10-23 14:09:31] [[32minfo[39m] [32mPATCH /api/tasks/68fa11ad97e8c69f98ecf2ce/upload 404 - 118ms[39m
[2025-10-23 14:12:36] [[32minfo[39m] [32m✅ MongoDB connesso[39m
[2025-10-23 14:12:36] [[32minfo[39m] [32m🚀 Server avviato su http://localhost:3000 (env: development)[39m
[2025-10-23 14:12:47] [[32minfo[39m] [32mPATCH /api/tasks/68fa11ad97e8c69f98ecf2ce/upload 404 - 190ms[39m
[2025-10-23 14:13:32] [[32minfo[39m] [32mPATCH /api/tasks/68fa11ad97e8c69f98ecf2ce/upload 404 - 99ms[39m
[2025-10-23 14:13:36] [[32minfo[39m] [32mPATCH /api/tasks/68fa11ad97e8c69f98ecf2ce/upload 404 - 126ms[39m
[2025-10-23 14:13:39] [[32minfo[39m] [32mPATCH /api/tasks/68fa11ad97e8c69f98ecf2ce/upload 404 - 116ms[39m
[2025-10-23 14:16:53] [[32minfo[39m] [32mPATCH /api/tasks/68fa11e597e8c69f98ecf2d7/upload 404 - 99ms[39m
[2025-10-23 14:21:46] [[32minfo[39m] [32m✅ MongoDB connesso[39m
[2025-10-23 14:21:46] [[32minfo[39m] [32m🚀 Server avviato su http://localhost:3000 (env: development)[39m
[2025-10-23 14:22:54] [[32minfo[39m] [32m✅ MongoDB connesso[39m
[2025-10-23 14:22:54] [[32minfo[39m] [32m🚀 Server avviato su http://localhost:3000 (env: development)[39m
[2025-10-23 14:23:01] [[32minfo[39m] [32mPATCH /api/tasks/68fa11e597e8c69f98ecf2d7/upload 404 - 198ms[39m
[2025-10-23 14:23:05] [[32minfo[39m] [32mPATCH /api/tasks/68fa11e597e8c69f98ecf2d7/upload 404 - 74ms[39m
[2025-10-23 14:23:17] [[32minfo[39m] [32m✅ MongoDB connesso[39m
[2025-10-23 14:23:17] [[32minfo[39m] [32m🚀 Server avviato su http://localhost:3000 (env: development)[39m
[2025-10-23 14:23:21] [[32minfo[39m] [32mPATCH /api/tasks/68fa11e597e8c69f98ecf2d7/upload 404 - 90ms[39m
[2025-10-23 14:24:50] [[31merror[39m] [31m500 - uploadFileToTask is not defined - POST /api/tasks/68fa11e597e8c69f98ecf2d7/upload[39m
[2025-10-23 14:24:50] [[32minfo[39m] [32mPOST /api/tasks/68fa11e597e8c69f98ecf2d7/upload 500 - 186ms[39m
[2025-10-23 14:27:04] [[32minfo[39m] [32m✅ MongoDB connesso[39m
[2025-10-23 14:27:04] [[32minfo[39m] [32m🚀 Server avviato su http://localhost:3000 (env: development)[39m
[2025-10-23 14:27:16] [[32minfo[39m] [32mFile 1761222436718-846320206.png caricato per task 68fa11e597e8c69f98ecf2d7 da utente 68f9fc5153ab70799ba3cc84[39m
[2025-10-23 14:27:16] [[32minfo[39m] [32mPOST /api/tasks/68fa11e597e8c69f98ecf2d7/upload 200 - 461ms[39m
[2025-10-23 14:28:00] [[33mwarn[39m] [33mUtente 68f9df521053239c12826e53 ha tentato upload su task 68fa11e597e8c69f98ecf2d7 di 68f9fc5153ab70799ba3cc84[39m
[2025-10-23 14:28:00] [[31merror[39m] [31m403 - Non sei autorizzato ad aggiornare questo task - POST /api/tasks/68fa11e597e8c69f98ecf2d7/upload[39m
[2025-10-23 14:28:00] [[32minfo[39m] [32mPOST /api/tasks/68fa11e597e8c69f98ecf2d7/upload 403 - 230ms[39m
[2025-10-23 14:34:44] [[32minfo[39m] [32m✅ MongoDB connesso[39m
[2025-10-23 14:34:44] [[32minfo[39m] [32m🚀 Server avviato su http://localhost:3000 (env: development)[39m
[2025-10-23 14:34:52] [[31merror[39m] [31m403 - Non sei autorizzato ad aggiornare questo task - PATCH /api/tasks/68fa11e597e8c69f98ecf2d7[39m
[2025-10-23 14:34:52] [[32minfo[39m] [32mPATCH /api/tasks/68fa11e597e8c69f98ecf2d7 403 - 229ms[39m
[2025-10-23 14:35:00] [[31merror[39m] [31m403 - Non sei autorizzato a eliminare questo task - DELETE /api/tasks/68fa11e597e8c69f98ecf2d7[39m
[2025-10-23 14:35:00] [[32minfo[39m] [32mDELETE /api/tasks/68fa11e597e8c69f98ecf2d7 403 - 189ms[39m
[2025-10-23 14:35:08] [[31merror[39m] [31m403 - Non sei autorizzato ad aggiornare questo task - PATCH /api/tasks/68fa11e597e8c69f98ecf2d7[39m
[2025-10-23 14:35:08] [[32minfo[39m] [32mPATCH /api/tasks/68fa11e597e8c69f98ecf2d7 403 - 298ms[39m
[2025-10-23 15:16:34] [[32minfo[39m] [32mGET /api/health 200 - 29ms[39m
[2025-10-23 15:16:34] [[32minfo[39m] [32mGET /favicon.ico 404 - 44ms[39m
[2025-10-23 15:17:04] [[32minfo[39m] [32mGET /api/tasks/ 200 - 200ms[39m
[2025-10-23 15:17:12] [[32minfo[39m] [32mGET /api/tasks/ 200 - 1634ms[39m
[2025-10-23 15:17:21] [[32minfo[39m] [32mGET /api/tasks/ 200 - 307ms[39m
[2025-10-23 15:17:58] [[31merror[39m] [31m403 - Non sei autorizzato a eliminare questo task - DELETE /api/tasks/68fa11ad97e8c69f98ecf2ce[39m
[2025-10-23 15:17:58] [[32minfo[39m] [32mDELETE /api/tasks/68fa11ad97e8c69f98ecf2ce 403 - 195ms[39m
[2025-10-23 15:18:24] [[31merror[39m] [31m403 - Non sei autorizzato ad aggiornare questo task - PATCH /api/tasks/68fa11ad97e8c69f98ecf2ce[39m
[2025-10-23 15:18:24] [[32minfo[39m] [32mPATCH /api/tasks/68fa11ad97e8c69f98ecf2ce 403 - 255ms[39m
[2025-10-23 15:19:05] [[31merror[39m] [31m400 - Nessun file fornito per l'upload - POST /api/tasks/68fa11ad97e8c69f98ecf2ce/upload[39m
[2025-10-23 15:19:05] [[32minfo[39m] [32mPOST /api/tasks/68fa11ad97e8c69f98ecf2ce/upload 400 - 169ms[39m
[2025-10-23 15:19:44] [[33mwarn[39m] [33mUtente 68f9df521053239c12826e53 ha tentato upload su task 68fa11ad97e8c69f98ecf2ce di 68fa0fa097e8c69f98ecf2a9[39m
[2025-10-23 15:19:44] [[31merror[39m] [31m403 - Non sei autorizzato ad aggiornare questo task - POST /api/tasks/68fa11ad97e8c69f98ecf2ce/upload[39m
[2025-10-23 15:19:44] [[32minfo[39m] [32mPOST /api/tasks/68fa11ad97e8c69f98ecf2ce/upload 403 - 206ms[39m
[2025-10-23 15:19:52] [[33mwarn[39m] [33mUtente 68f9fc5153ab70799ba3cc84 ha tentato upload su task 68fa11ad97e8c69f98ecf2ce di 68fa0fa097e8c69f98ecf2a9[39m
[2025-10-23 15:19:52] [[31merror[39m] [31m403 - Non sei autorizzato ad aggiornare questo task - POST /api/tasks/68fa11ad97e8c69f98ecf2ce/upload[39m
[2025-10-23 15:19:52] [[32minfo[39m] [32mPOST /api/tasks/68fa11ad97e8c69f98ecf2ce/upload 403 - 248ms[39m
[2025-10-23 15:19:58] [[32minfo[39m] [32mFile 1761225597751-420328807.png caricato per task 68fa11ad97e8c69f98ecf2ce da utente 68fa0fa097e8c69f98ecf2a9[39m
[2025-10-23 15:19:58] [[32minfo[39m] [32mPOST /api/tasks/68fa11ad97e8c69f98ecf2ce/upload 200 - 1300ms[39m
[2025-10-23 15:21:09] [[31merror[39m] [31m400 - "password" is not allowed to be empty - POST /api/auth/login[39m
[2025-10-23 15:21:09] [[32minfo[39m] [32mPOST /api/auth/login 400 - 24ms[39m
[2025-10-23 15:21:21] [[31merror[39m] [31m400 - "password" length must be at least 6 characters long - POST /api/auth/login[39m
[2025-10-23 15:21:21] [[32minfo[39m] [32mPOST /api/auth/login 400 - 2ms[39m
[2025-10-23 15:21:27] [[31merror[39m] [31m401 - Email o password non corretti - POST /api/auth/login[39m
[2025-10-23 15:21:27] [[32minfo[39m] [32mPOST /api/auth/login 401 - 206ms[39m
[2025-10-23 15:21:54] [[32minfo[39m] [32mUtente loggato: silvia@gmail.com[39m
[2025-10-23 15:21:54] [[32minfo[39m] [32mPOST /api/auth/login 200 - 288ms[39m
[2025-10-23 15:22:34] [[31merror[39m] [31m401 - Token mancante o formato non valido - POST /api/tasks[39m
[2025-10-23 15:22:34] [[32minfo[39m] [32mPOST /api/tasks 401 - 1ms[39m
[2025-10-23 16:55:40] [[32minfo[39m] [32m✅ MongoDB connesso[39m
[2025-10-23 16:55:40] [[32minfo[39m] [32m🚀 Server avviato su http://localhost:3000 (env: development)[39m
[2025-10-23 16:56:14] [[32minfo[39m] [32mGET /api/health 200 - 5ms[39m
[2025-10-23 16:56:15] [[32minfo[39m] [32mGET /favicon.ico 404 - 5ms[39m
[2025-10-23 16:56:19] [[32minfo[39m] [32mGET /api/docs 301 - 2ms[39m
[2025-10-23 16:56:19] [[32minfo[39m] [32mGET /api/docs/ 200 - 2ms[39m
[2025-10-23 16:56:19] [[32minfo[39m] [32mGET /api/docs/swagger-ui-init.js 200 - 1ms[39m
[2025-10-23 16:56:19] [[32minfo[39m] [32mGET /api/docs/swagger-ui.css 200 - 28ms[39m
[2025-10-23 16:56:19] [[32minfo[39m] [32mGET /api/docs/swagger-ui-standalone-preset.js 200 - 17ms[39m
[2025-10-23 16:56:19] [[32minfo[39m] [32mGET /api/docs/swagger-ui-bundle.js 200 - 48ms[39m
[2025-10-23 16:56:19] [[32minfo[39m] [32mGET /api/docs/favicon-16x16.png 200 - 6ms[39m
[2025-10-23 17:02:19] [[32minfo[39m] [32mNuovo utente registrato: silvana@gmail.com[39m
[2025-10-23 17:02:19] [[32minfo[39m] [32mPOST /api/auth/register 201 - 378ms[39m
[2025-10-23 17:03:31] [[31merror[39m] [31m400 - "password" is not allowed to be empty - POST /api/auth/login[39m
[2025-10-23 17:03:31] [[32minfo[39m] [32mPOST /api/auth/login 400 - 6ms[39m
[2025-10-23 17:03:41] [[32minfo[39m] [32mUtente loggato: silvana@gmail.com[39m
[2025-10-23 17:03:41] [[32minfo[39m] [32mPOST /api/auth/login 200 - 179ms[39m
[2025-10-23 17:07:29] [[31merror[39m] [31m401 - Token mancante o formato non valido - GET /api/tasks[39m
[2025-10-23 17:07:29] [[32minfo[39m] [32mGET /api/tasks 401 - 6ms[39m
[2025-10-23 17:11:42] [[32minfo[39m] [32m✅ MongoDB connesso[39m
[2025-10-23 17:11:42] [[32minfo[39m] [32m🚀 Server avviato su http://localhost:3000 (env: development)[39m
[2025-10-23 17:11:49] [[32minfo[39m] [32mGET /api/docs/ 200 - 8ms[39m
[2025-10-23 17:11:49] [[32minfo[39m] [32mGET /api/docs/swagger-ui-init.js 200 - 0ms[39m
[2025-10-23 17:11:49] [[32minfo[39m] [32mGET /api/docs/swagger-ui-bundle.js 304 - 3ms[39m
[2025-10-23 17:11:49] [[32minfo[39m] [32mGET /api/docs/swagger-ui.css 200 - 14ms[39m
[2025-10-23 17:11:49] [[32minfo[39m] [32mGET /api/docs/swagger-ui-standalone-preset.js 200 - 14ms[39m
[2025-10-23 17:11:49] [[32minfo[39m] [32mGET /api/docs/favicon-16x16.png 200 - 6ms[39m
[2025-10-23 17:12:39] [[32minfo[39m] [32mUtente loggato: silvana@gmail.com[39m
[2025-10-23 17:12:39] [[32minfo[39m] [32mPOST /api/auth/login 200 - 228ms[39m
[2025-10-23 17:13:13] [[32minfo[39m] [32mGET /api/tasks 200 - 233ms[39m
[2025-10-23 17:13:43] [[32minfo[39m] [32mTask creato 68fa4627f9e2898338a46d9e da utente 68fa437ac90988c35ad80549[39m
[2025-10-23 17:13:43] [[32minfo[39m] [32mTask creato 68fa4627f9e2898338a46d9e da 68fa437ac90988c35ad80549[39m
[2025-10-23 17:13:43] [[32minfo[39m] [32mPOST /api/tasks 201 - 182ms[39m
[2025-10-23 17:14:33] [[32minfo[39m] [32mTask aggiornato 68fa4627f9e2898338a46d9e da utente 68fa437ac90988c35ad80549[39m
[2025-10-23 17:14:33] [[32minfo[39m] [32mTask aggiornato 68fa4627f9e2898338a46d9e da 68fa437ac90988c35ad80549[39m
[2025-10-23 17:14:33] [[32minfo[39m] [32mPATCH /api/tasks/68fa4627f9e2898338a46d9e 200 - 241ms[39m
[2025-10-23 17:15:18] [[32minfo[39m] [32mTask eliminato 68fa4627f9e2898338a46d9e da utente 68fa437ac90988c35ad80549[39m
[2025-10-23 17:15:18] [[32minfo[39m] [32mTask eliminato 68fa4627f9e2898338a46d9e da 68fa437ac90988c35ad80549[39m
[2025-10-23 17:15:18] [[32minfo[39m] [32mDELETE /api/tasks/68fa4627f9e2898338a46d9e 200 - 2187ms[39m
[2025-10-23 17:15:54] [[31merror[39m] [31m404 - Task non trovato - PATCH /api/tasks/68fa4627f9e2898338a46d9e[39m
[2025-10-23 17:15:54] [[32minfo[39m] [32mPATCH /api/tasks/68fa4627f9e2898338a46d9e 404 - 184ms[39m
[2025-10-23 17:16:05] [[32minfo[39m] [32mTask creato 68fa46b5f9e2898338a46da9 da utente 68fa437ac90988c35ad80549[39m
[2025-10-23 17:16:05] [[32minfo[39m] [32mTask creato 68fa46b5f9e2898338a46da9 da 68fa437ac90988c35ad80549[39m
[2025-10-23 17:16:05] [[32minfo[39m] [32mPOST /api/tasks 201 - 227ms[39m
[2025-10-23 17:16:36] [[32minfo[39m] [32mFile 1761232596539-496595584.png caricato per task 68fa46b5f9e2898338a46da9 da utente 68fa437ac90988c35ad80549[39m
[2025-10-23 17:16:36] [[32minfo[39m] [32mPOST /api/tasks/68fa46b5f9e2898338a46da9/upload 200 - 310ms[39m
[2025-10-23 17:17:10] [[32minfo[39m] [32mFile 1761232629966-547029797.png caricato per task 68fa46b5f9e2898338a46da9 da utente 68fa437ac90988c35ad80549[39m
[2025-10-23 17:17:10] [[32minfo[39m] [32mPOST /api/tasks/68fa46b5f9e2898338a46da9/upload 200 - 327ms[39m
[2025-10-23 17:17:45] [[31merror[39m] [31m403 - Non sei autorizzato a eliminare questo task - DELETE /api/tasks/68fa11e597e8c69f98ecf2d7[39m
[2025-10-23 17:17:45] [[32minfo[39m] [32mDELETE /api/tasks/68fa11e597e8c69f98ecf2d7 403 - 183ms[39m
