2025-10-23 09:32:42 [error] Errore avvio server: connect ECONNREFUSED ::1:9999, connect ECONNREFUSED 127.0.0.1:9999
2025-10-23 09:34:56 [error] 400 - "name" is required - POST /api/auth/register
2025-10-23 09:38:20 [error] 400 - "name" is not allowed to be empty - POST /api/auth/register
2025-10-23 09:38:42 [error] 400 - "email" is not allowed to be empty - POST /api/auth/register
2025-10-23 09:38:59 [error] 409 - Email già registrata - POST /api/auth/register
2025-10-23 09:40:09 [error] 400 - "email" is not allowed to be empty - POST /api/auth/login
2025-10-23 09:40:18 [error] 400 - "password" is not allowed to be empty - POST /api/auth/login
2025-10-23 09:50:44 [error] 400 - "title" is not allowed to be empty - POST /api/tasks
2025-10-23 09:51:53 [error] 401 - Token mancante o formato non valido - POST /api/tasks
2025-10-23 09:52:46 [error] 401 - Token mancante o formato non valido - GET /api/tasks
2025-10-23 09:53:34 [error] 401 - Token mancante o formato non valido - PATCH /api/tasks/68f9de5c1053239c12826e43
2025-10-23 09:54:48 [error] 400 - "password" is required - POST /api/auth/register
2025-10-23 09:58:44 [error] 401 - Token mancante o formato non valido - DELETE /api/tasks/68f9dea81053239c12826e49
2025-10-23 10:00:13 [error] 403 - Non sei autorizzato per questo task - DELETE /api/tasks/68f906341ec7d10fec1c17a8
2025-10-23 10:01:17 [error] 403 - Non sei autorizzato per questo task - PATCH /api/tasks/68f906341ec7d10fec1c17a8
2025-10-23 10:05:21 [error] 400 - "password" is required - POST /api/auth/login
2025-10-23 10:06:39 [error] 401 - Token mancante o formato non valido - DELETE /api/tasks/68f9de631053239c12826e46
2025-10-23 10:09:52 [error] 401 - Token mancante o formato non valido - DELETE /api/tasks/68f7ea8bc3a22a655e705532
2025-10-23 10:09:59 [error] 500 - Cannot read properties of undefined (reading 'toString') - DELETE /api/tasks/68f7ea8bc3a22a655e705532
2025-10-23 10:10:06 [error] 500 - Cannot read properties of undefined (reading 'toString') - DELETE /api/tasks/68f7ea8bc3a22a655e705532
2025-10-23 10:10:09 [error] 500 - Cannot read properties of undefined (reading 'toString') - DELETE /api/tasks/68f7ea8bc3a22a655e705532
2025-10-23 10:10:15 [error] 500 - Cannot read properties of undefined (reading 'toString') - DELETE /api/tasks/68f7ea8bc3a22a655e705532
2025-10-23 10:10:48 [error] 401 - Token mancante o formato non valido - DELETE /api/tasks/68f8d2d094df4b20182c80c8
2025-10-23 10:10:51 [error] 403 - Non sei autorizzato per questo task - DELETE /api/tasks/68f8d2d094df4b20182c80c8
2025-10-23 10:10:57 [error] 403 - Non sei autorizzato per questo task - DELETE /api/tasks/68f8d2d094df4b20182c80c8
2025-10-23 10:11:00 [error] 403 - Non sei autorizzato per questo task - DELETE /api/tasks/68f8d2d094df4b20182c80c8
2025-10-23 10:12:31 [error] 401 - Token mancante o formato non valido - POST /api/tasks/68f9de5c1053239c12826e43/upload
2025-10-23 10:12:42 [error] 403 - Non sei autorizzato per questo task - POST /api/tasks/68f9de5c1053239c12826e43/upload
2025-10-23 10:21:21 [error] 401 - Token mancante o formato non valido - PATCH /api/tasks/68f9de5c1053239c12826e43
2025-10-23 10:21:28 [error] 403 - Non sei autorizzato per questo task - PATCH /api/tasks/68f9de5c1053239c12826e43
2025-10-23 10:40:29 [error] Errore avvio server: connect ECONNREFUSED ::1:9999, connect ECONNREFUSED 127.0.0.1:9999
[2025-10-23 11:53:58] [[31merror[39m] [31mErrore connessione MongoDB: connect ECONNREFUSED ::1:9999, connect ECONNREFUSED 127.0.0.1:9999[39m
[2025-10-23 12:01:06] [[31merror[39m] [31m401 - Email o password non corretti - POST /api/auth/login[39m
[2025-10-23 12:01:26] [[31merror[39m] [31m401 - Email o password non corretti - POST /api/auth/login[39m
[2025-10-23 12:05:31] [[31merror[39m] [31m401 - Token mancante o formato non valido - GET /api/protected[39m
[2025-10-23 12:19:47] [[31merror[39m] [31m401 - Token mancante o formato non valido - POST /api/tasks[39m
[2025-10-23 12:21:05] [[31merror[39m] [31m401 - Token mancante o formato non valido - GET /api/tasks[39m
[2025-10-23 12:23:13] [[31merror[39m] [31m401 - Token mancante o formato non valido - PATCH /api/tasks/68fa014bdcacfba920e3b53a[39m
[2025-10-23 12:24:44] [[31merror[39m] [31m401 - Token mancante o formato non valido - DELETE /api/tasks/68f9de5c1053239c12826e43[39m
[2025-10-23 12:24:48] [[31merror[39m] [31m404 - Task non trovato o non autorizzato - DELETE /api/tasks/68f9de5c1053239c12826e43[39m
[2025-10-23 12:25:35] [[31merror[39m] [31m404 - Task non trovato o non autorizzato - DELETE /api/tasks/68f944f1301993dbbb8f5bab[39m
[2025-10-23 12:25:48] [[31merror[39m] [31m404 - Task non trovato - PATCH /api/tasks/68f944f1301993dbbb8f5bab[39m
[2025-10-23 12:25:58] [[31merror[39m] [31m404 - Task non trovato o non autorizzato - DELETE /api/tasks/68f944f1301993dbbb8f5bab[39m
[2025-10-23 12:26:46] [[31merror[39m] [31m401 - Token mancante o formato non valido - DELETE /api/tasks/68fa014bdcacfba920e3b53a[39m
[2025-10-23 12:29:43] [[31merror[39m] [31m401 - Token mancante o formato non valido - POST /api/tasks/68fa0376dcacfba920e3b550/upload[39m
[2025-10-23 12:42:05] [[31merror[39m] [31m401 - Token mancante o formato non valido - PATCH /api/tasks/68fa0376dcacfba920e3b550[39m
[2025-10-23 12:42:12] [[31merror[39m] [31m404 - Task non trovato - PATCH /api/tasks/68fa0376dcacfba920e3b550[39m
[2025-10-23 12:42:57] [[31merror[39m] [31m404 - Task non trovato - PATCH /api/tasks/68fa0376dcacfba920e3b550[39m
[2025-10-23 12:43:37] [[31merror[39m] [31m404 - Task non trovato o non autorizzato - DELETE /api/tasks/68fa0376dcacfba920e3b550[39m
[2025-10-23 12:44:03] [[31merror[39m] [31m404 - Task non trovato o non autorizzato - DELETE /api/tasks/68fa0376dcacfba920e3b550[39m
[2025-10-23 12:45:26] [[31merror[39m] [31m404 - Task non trovato o non autorizzato - DELETE /api/tasks/68f9de5c1053239c12826e43[39m
[2025-10-23 12:45:30] [[31merror[39m] [31m401 - Token mancante o formato non valido - DELETE /api/tasks/68f9de5c1053239c12826e43[39m
[2025-10-23 12:45:37] [[31merror[39m] [31m404 - Task non trovato o non autorizzato - DELETE /api/tasks/68f9de5c1053239c12826e43[39m
[2025-10-23 12:45:42] [[31merror[39m] [31m404 - Task non trovato o non autorizzato - DELETE /api/tasks/68f9de5c1053239c12826e43[39m
[2025-10-23 12:46:00] [[31merror[39m] [31m404 - Task non trovato o non autorizzato - DELETE /api/tasks/68f944f1301993dbbb8f5bab[39m
[2025-10-23 12:54:24] [[31merror[39m] [31m401 - Token mancante o formato non valido - DELETE /api/tasks/68f944f1301993dbbb8f5bab[39m
[2025-10-23 12:54:31] [[31merror[39m] [31m403 - Non sei autorizzato a eliminare questo task - DELETE /api/tasks/68f944f1301993dbbb8f5bab[39m
[2025-10-23 13:20:18] [[31merror[39m] [31m401 - Email o password non corretti - POST /api/auth/login[39m
[2025-10-23 13:20:51] [[31merror[39m] [31m401 - Email o password non corretti - POST /api/auth/login[39m
[2025-10-23 13:22:13] [[31merror[39m] [31m401 - Email o password non corretti - POST /api/auth/login[39m
[2025-10-23 13:23:48] [[31merror[39m] [31m401 - Token mancante o formato non valido - GET /api/protected[39m
[2025-10-23 13:24:43] [[31merror[39m] [31m401 - Token mancante o formato non valido - GET /api/tasks[39m
[2025-10-23 13:25:35] [[31merror[39m] [31m401 - Token mancante o formato non valido - DELETE /api/tasks/68fa0376dcacfba920e3b550[39m
[2025-10-23 13:25:39] [[31merror[39m] [31m403 - Non sei autorizzato a eliminare questo task - DELETE /api/tasks/68fa0376dcacfba920e3b550[39m
[2025-10-23 13:25:45] [[31merror[39m] [31m403 - Non sei autorizzato a eliminare questo task - DELETE /api/tasks/68fa0376dcacfba920e3b550[39m
[2025-10-23 13:31:32] [[31merror[39m] [31m403 - Non sei autorizzato a eliminare questo task - DELETE /api/tasks/68fa118f97e8c69f98ecf2c1[39m
[2025-10-23 13:31:53] [[31merror[39m] [31m403 - Non sei autorizzato ad aggiornare questo task - POST /api/tasks/68fa118f97e8c69f98ecf2c1/upload[39m
[2025-10-23 13:44:34] [[31merror[39m] [31m400 - "password" is not allowed to be empty - POST /api/auth/login[39m
[2025-10-23 13:45:08] [[31merror[39m] [31m400 - Expected ',' or '}' after property value in JSON at position 31 (line 6 column 1) - POST /api/auth/login[39m
[2025-10-23 13:46:37] [[31merror[39m] [31m400 - Expected ',' or '}' after property value in JSON at position 53 (line 6 column 1) - POST /api/auth/login[39m
[2025-10-23 13:46:50] [[31merror[39m] [31m400 - "password" length must be at least 6 characters long - POST /api/auth/login[39m
[2025-10-23 13:47:08] [[31merror[39m] [31m401 - Email o password non corretti - POST /api/auth/login[39m
[2025-10-23 13:48:09] [[31merror[39m] [31m400 - Expected double-quoted property name in JSON at position 25 (line 5 column 1) - POST /api/tasks[39m
[2025-10-23 13:48:23] [[31merror[39m] [31m401 - Token mancante o formato non valido - POST /api/tasks[39m
[2025-10-23 13:48:43] [[31merror[39m] [31m401 - Token mancante o formato non valido - POST /api/tasks[39m
[2025-10-23 13:49:33] [[31merror[39m] [31m403 - Non sei autorizzato a eliminare questo task - DELETE /api/tasks/68fa1624f385883eb3ae78dd[39m
[2025-10-23 13:50:38] [[31merror[39m] [31m401 - Token mancante o formato non valido - PATCH /api/tasks/68fa1624f385883eb3ae78dd/upload[39m
[2025-10-23 13:52:42] [[31merror[39m] [31m400 - Nessun file caricato - POST /api/tasks/68fa11e597e8c69f98ecf2d7/upload[39m
[2025-10-23 13:52:51] [[31merror[39m] [31m400 - Nessun file caricato - POST /api/tasks/68fa11e597e8c69f98ecf2d7/upload[39m
[2025-10-23 13:52:57] [[31merror[39m] [31m400 - Nessun file caricato - POST /api/tasks/68fa11e597e8c69f98ecf2d7/upload[39m
[2025-10-23 13:53:48] [[31merror[39m] [31m400 - Nessun file caricato - POST /api/tasks/68fa11ad97e8c69f98ecf2ce/upload[39m
[2025-10-23 13:54:08] [[31merror[39m] [31m400 - Nessun file caricato - POST /api/tasks/68fa11ad97e8c69f98ecf2ce/upload[39m
[2025-10-23 13:55:42] [[31merror[39m] [31m400 - Nessun file caricato - POST /api/tasks/68fa11ad97e8c69f98ecf2ce/UPLOAD[39m
[2025-10-23 13:56:12] [[31merror[39m] [31m403 - Non sei autorizzato a eliminare questo task - DELETE /api/tasks/68fa11ad97e8c69f98ecf2ce[39m
[2025-10-23 13:56:54] [[31merror[39m] [31m403 - Non sei autorizzato ad aggiornare questo task - PATCH /api/tasks/68fa11ad97e8c69f98ecf2ce[39m
[2025-10-23 13:59:06] [[31merror[39m] [31m403 - Non sei autorizzato a eliminare questo task - DELETE /api/tasks/68fa11ad97e8c69f98ecf2ce[39m
[2025-10-23 14:24:50] [[31merror[39m] [31m500 - uploadFileToTask is not defined - POST /api/tasks/68fa11e597e8c69f98ecf2d7/upload[39m
[2025-10-23 14:28:00] [[31merror[39m] [31m403 - Non sei autorizzato ad aggiornare questo task - POST /api/tasks/68fa11e597e8c69f98ecf2d7/upload[39m
[2025-10-23 14:34:52] [[31merror[39m] [31m403 - Non sei autorizzato ad aggiornare questo task - PATCH /api/tasks/68fa11e597e8c69f98ecf2d7[39m
[2025-10-23 14:35:00] [[31merror[39m] [31m403 - Non sei autorizzato a eliminare questo task - DELETE /api/tasks/68fa11e597e8c69f98ecf2d7[39m
[2025-10-23 14:35:08] [[31merror[39m] [31m403 - Non sei autorizzato ad aggiornare questo task - PATCH /api/tasks/68fa11e597e8c69f98ecf2d7[39m
[2025-10-23 15:17:58] [[31merror[39m] [31m403 - Non sei autorizzato a eliminare questo task - DELETE /api/tasks/68fa11ad97e8c69f98ecf2ce[39m
[2025-10-23 15:18:24] [[31merror[39m] [31m403 - Non sei autorizzato ad aggiornare questo task - PATCH /api/tasks/68fa11ad97e8c69f98ecf2ce[39m
[2025-10-23 15:19:05] [[31merror[39m] [31m400 - Nessun file fornito per l'upload - POST /api/tasks/68fa11ad97e8c69f98ecf2ce/upload[39m
[2025-10-23 15:19:44] [[31merror[39m] [31m403 - Non sei autorizzato ad aggiornare questo task - POST /api/tasks/68fa11ad97e8c69f98ecf2ce/upload[39m
[2025-10-23 15:19:52] [[31merror[39m] [31m403 - Non sei autorizzato ad aggiornare questo task - POST /api/tasks/68fa11ad97e8c69f98ecf2ce/upload[39m
[2025-10-23 15:21:09] [[31merror[39m] [31m400 - "password" is not allowed to be empty - POST /api/auth/login[39m
[2025-10-23 15:21:21] [[31merror[39m] [31m400 - "password" length must be at least 6 characters long - POST /api/auth/login[39m
[2025-10-23 15:21:27] [[31merror[39m] [31m401 - Email o password non corretti - POST /api/auth/login[39m
[2025-10-23 15:22:34] [[31merror[39m] [31m401 - Token mancante o formato non valido - POST /api/tasks[39m
[2025-10-23 17:03:31] [[31merror[39m] [31m400 - "password" is not allowed to be empty - POST /api/auth/login[39m
[2025-10-23 17:07:29] [[31merror[39m] [31m401 - Token mancante o formato non valido - GET /api/tasks[39m
[2025-10-23 17:15:54] [[31merror[39m] [31m404 - Task non trovato - PATCH /api/tasks/68fa4627f9e2898338a46d9e[39m
[2025-10-23 17:17:45] [[31merror[39m] [31m403 - Non sei autorizzato a eliminare questo task - DELETE /api/tasks/68fa11e597e8c69f98ecf2d7[39m
